<?xml version="1.0" encoding="UTF-8"?>
<testng-results skipped="0" failed="0" total="1" passed="1">
  <reporter-output>
  </reporter-output>
  <suite name="Suite" duration-ms="28317" started-at="2018-02-08T10:56:46Z" finished-at="2018-02-08T10:57:14Z">
    <groups>
    </groups>
    <test name="Test2" duration-ms="28317" started-at="2018-02-08T10:56:46Z" finished-at="2018-02-08T10:57:14Z">
      <class name="qsp.MavenProjectDemo2">
        <test-method status="PASS" signature="mavenDemo2(java.lang.String, java.lang.String)[pri:0, instance:qsp.MavenProjectDemo2@380fb434]" name="mavenDemo2" duration-ms="28293" started-at="2018-02-08T16:26:46Z" finished-at="2018-02-08T16:27:14Z">
          <params>
            <param index="0">
              <value>
                <![CDATA[firefox]]>
              </value>
            </param>
            <param index="1">
              <value>
                <![CDATA[57]]>
              </value>
            </param>
          </params>
          <reporter-output>
          </reporter-output>
        </test-method> <!-- mavenDemo2 -->
      </class> <!-- qsp.MavenProjectDemo2 -->
    </test> <!-- Test2 -->
  </suite> <!-- Suite -->
</testng-results>
