<?xml version="1.0" encoding="UTF-8"?>
<testng-results skipped="0" failed="0" total="1" passed="1">
  <reporter-output>
  </reporter-output>
  <suite name="Suite" duration-ms="31" started-at="2018-02-08T09:01:10Z" finished-at="2018-02-08T09:01:10Z">
    <groups>
    </groups>
    <test name="Test" duration-ms="31" started-at="2018-02-08T09:01:10Z" finished-at="2018-02-08T09:01:10Z">
      <class name="qsp.MavenProjectDemo1">
        <test-method status="PASS" signature="test()[pri:0, instance:qsp.MavenProjectDemo1@edf4efb]" name="test" duration-ms="8" started-at="2018-02-08T14:31:10Z" finished-at="2018-02-08T14:31:10Z">
          <reporter-output>
          </reporter-output>
        </test-method> <!-- test -->
      </class> <!-- qsp.MavenProjectDemo1 -->
    </test> <!-- Test -->
  </suite> <!-- Suite -->
</testng-results>
