<?xml version="1.0" encoding="UTF-8"?>
<testng-results skipped="0" failed="0" total="1" passed="1">
  <reporter-output>
  </reporter-output>
  <suite name="Suite" duration-ms="26100" started-at="2018-02-08T09:59:07Z" finished-at="2018-02-08T09:59:33Z">
    <groups>
    </groups>
    <test name="Test1" duration-ms="26100" started-at="2018-02-08T09:59:07Z" finished-at="2018-02-08T09:59:33Z">
      <class name="qsp.MavenProjectDemo2">
        <test-method status="PASS" signature="mavenDemo2(java.lang.String, java.lang.String)[pri:0, instance:qsp.MavenProjectDemo2@2a2d45ba]" name="mavenDemo2" duration-ms="26079" started-at="2018-02-08T15:29:07Z" finished-at="2018-02-08T15:29:33Z">
          <params>
            <param index="0">
              <value>
                <![CDATA[chrome]]>
              </value>
            </param>
            <param index="1">
              <value>
                <![CDATA[63]]>
              </value>
            </param>
          </params>
          <reporter-output>
          </reporter-output>
        </test-method> <!-- mavenDemo2 -->
      </class> <!-- qsp.MavenProjectDemo2 -->
    </test> <!-- Test1 -->
  </suite> <!-- Suite -->
</testng-results>
